2012-05-15 23:53:53 Error: [MissingPluginException] Plugin Facebook could not be found.
#0 /Applications/MAMP/htdocs/wayplease.com/lib/Cake/Core/App.php(364): CakePlugin::path('Facebook')
#1 /Applications/MAMP/htdocs/wayplease.com/lib/Cake/Core/App.php(225): App::pluginPath('Facebook')
#2 /Applications/MAMP/htdocs/wayplease.com/lib/Cake/Core/App.php(542): App::path('View/Helper', 'Facebook')
#3 [internal function]: App::load('FacebookHelper')
#4 [internal function]: spl_autoload_call('FacebookHelper')
#5 /Applications/MAMP/htdocs/wayplease.com/lib/Cake/View/HelperCollection.php(82): class_exists('FacebookHelper')
#6 /Applications/MAMP/htdocs/wayplease.com/lib/Cake/View/View.php(850): HelperCollection->load('Facebook.Facebo...', Array)
#7 /Applications/MAMP/htdocs/wayplease.com/lib/Cake/View/View.php(456): View->loadHelpers()
#8 /Applications/MAMP/htdocs/wayplease.com/lib/Cake/Controller/Controller.php(959): View->render('home', NULL)
#9 /Applications/MAMP/htdocs/wayplease.com/app/Controller/PagesController.php(80): Controller->render('home')
#10 [internal function]: PagesController->display('home')
#11 /Applications/MAMP/htdocs/wayplease.com/lib/Cake/Controller/Controller.php(485): ReflectionMethod->invokeArgs(Object(PagesController), Array)
#12 /Applications/MAMP/htdocs/wayplease.com/lib/Cake/Routing/Dispatcher.php(103): Controller->invokeAction(Object(CakeRequest))
#13 /Applications/MAMP/htdocs/wayplease.com/lib/Cake/Routing/Dispatcher.php(85): Dispatcher->_invoke(Object(PagesController), Object(CakeRequest), Object(CakeResponse))
#14 /Applications/MAMP/htdocs/wayplease.com/app/webroot/index.php(92): Dispatcher->dispatch(Object(CakeRequest), Object(CakeResponse))
#15 /Applications/MAMP/htdocs/wayplease.com/index.php(40): require('/Applications/M...')
#16 {main}
2012-05-15 23:55:01 Error: [MissingPluginException] Plugin Facebook could not be found.
#0 /Applications/MAMP/htdocs/wayplease.com/lib/Cake/Core/App.php(364): CakePlugin::path('Facebook')
#1 /Applications/MAMP/htdocs/wayplease.com/lib/Cake/Core/App.php(225): App::pluginPath('Facebook')
#2 /Applications/MAMP/htdocs/wayplease.com/lib/Cake/Core/App.php(542): App::path('View/Helper', 'Facebook')
#3 [internal function]: App::load('FacebookHelper')
#4 [internal function]: spl_autoload_call('FacebookHelper')
#5 /Applications/MAMP/htdocs/wayplease.com/lib/Cake/View/HelperCollection.php(82): class_exists('FacebookHelper')
#6 /Applications/MAMP/htdocs/wayplease.com/lib/Cake/View/View.php(850): HelperCollection->load('Facebook.Facebo...', Array)
#7 /Applications/MAMP/htdocs/wayplease.com/lib/Cake/View/View.php(456): View->loadHelpers()
#8 /Applications/MAMP/htdocs/wayplease.com/lib/Cake/Controller/Controller.php(959): View->render('home', NULL)
#9 /Applications/MAMP/htdocs/wayplease.com/app/Controller/PagesController.php(80): Controller->render('home')
#10 [internal function]: PagesController->display('home')
#11 /Applications/MAMP/htdocs/wayplease.com/lib/Cake/Controller/Controller.php(485): ReflectionMethod->invokeArgs(Object(PagesController), Array)
#12 /Applications/MAMP/htdocs/wayplease.com/lib/Cake/Routing/Dispatcher.php(103): Controller->invokeAction(Object(CakeRequest))
#13 /Applications/MAMP/htdocs/wayplease.com/lib/Cake/Routing/Dispatcher.php(85): Dispatcher->_invoke(Object(PagesController), Object(CakeRequest), Object(CakeResponse))
#14 /Applications/MAMP/htdocs/wayplease.com/app/webroot/index.php(92): Dispatcher->dispatch(Object(CakeRequest), Object(CakeResponse))
#15 /Applications/MAMP/htdocs/wayplease.com/index.php(40): require('/Applications/M...')
#16 {main}
2012-05-15 23:55:04 Error: [MissingPluginException] Plugin Facebook could not be found.
#0 /Applications/MAMP/htdocs/wayplease.com/lib/Cake/Core/App.php(364): CakePlugin::path('Facebook')
#1 /Applications/MAMP/htdocs/wayplease.com/lib/Cake/Core/App.php(225): App::pluginPath('Facebook')
#2 /Applications/MAMP/htdocs/wayplease.com/lib/Cake/Core/App.php(542): App::path('View/Helper', 'Facebook')
#3 [internal function]: App::load('FacebookHelper')
#4 [internal function]: spl_autoload_call('FacebookHelper')
#5 /Applications/MAMP/htdocs/wayplease.com/lib/Cake/View/HelperCollection.php(82): class_exists('FacebookHelper')
#6 /Applications/MAMP/htdocs/wayplease.com/lib/Cake/View/View.php(850): HelperCollection->load('Facebook.Facebo...', Array)
#7 /Applications/MAMP/htdocs/wayplease.com/lib/Cake/View/View.php(456): View->loadHelpers()
#8 /Applications/MAMP/htdocs/wayplease.com/lib/Cake/Controller/Controller.php(959): View->render('home', NULL)
#9 /Applications/MAMP/htdocs/wayplease.com/app/Controller/PagesController.php(80): Controller->render('home')
#10 [internal function]: PagesController->display('home')
#11 /Applications/MAMP/htdocs/wayplease.com/lib/Cake/Controller/Controller.php(485): ReflectionMethod->invokeArgs(Object(PagesController), Array)
#12 /Applications/MAMP/htdocs/wayplease.com/lib/Cake/Routing/Dispatcher.php(103): Controller->invokeAction(Object(CakeRequest))
#13 /Applications/MAMP/htdocs/wayplease.com/lib/Cake/Routing/Dispatcher.php(85): Dispatcher->_invoke(Object(PagesController), Object(CakeRequest), Object(CakeResponse))
#14 /Applications/MAMP/htdocs/wayplease.com/app/webroot/index.php(92): Dispatcher->dispatch(Object(CakeRequest), Object(CakeResponse))
#15 /Applications/MAMP/htdocs/wayplease.com/index.php(40): require('/Applications/M...')
#16 {main}
2012-05-15 23:55:40 Error: [MissingPluginException] Plugin Facebook could not be found.
#0 /Applications/MAMP/htdocs/wayplease.com/lib/Cake/Core/App.php(364): CakePlugin::path('Facebook')
#1 /Applications/MAMP/htdocs/wayplease.com/lib/Cake/Core/App.php(225): App::pluginPath('Facebook')
#2 /Applications/MAMP/htdocs/wayplease.com/lib/Cake/Core/App.php(542): App::path('View/Helper', 'Facebook')
#3 [internal function]: App::load('FacebookHelper')
#4 [internal function]: spl_autoload_call('FacebookHelper')
#5 /Applications/MAMP/htdocs/wayplease.com/lib/Cake/View/HelperCollection.php(82): class_exists('FacebookHelper')
#6 /Applications/MAMP/htdocs/wayplease.com/lib/Cake/View/View.php(850): HelperCollection->load('Facebook.Facebo...', Array)
#7 /Applications/MAMP/htdocs/wayplease.com/lib/Cake/View/View.php(456): View->loadHelpers()
#8 /Applications/MAMP/htdocs/wayplease.com/lib/Cake/Controller/Controller.php(959): View->render('home', NULL)
#9 /Applications/MAMP/htdocs/wayplease.com/app/Controller/PagesController.php(80): Controller->render('home')
#10 [internal function]: PagesController->display('home')
#11 /Applications/MAMP/htdocs/wayplease.com/lib/Cake/Controller/Controller.php(485): ReflectionMethod->invokeArgs(Object(PagesController), Array)
#12 /Applications/MAMP/htdocs/wayplease.com/lib/Cake/Routing/Dispatcher.php(103): Controller->invokeAction(Object(CakeRequest))
#13 /Applications/MAMP/htdocs/wayplease.com/lib/Cake/Routing/Dispatcher.php(85): Dispatcher->_invoke(Object(PagesController), Object(CakeRequest), Object(CakeResponse))
#14 /Applications/MAMP/htdocs/wayplease.com/app/webroot/index.php(92): Dispatcher->dispatch(Object(CakeRequest), Object(CakeResponse))
#15 /Applications/MAMP/htdocs/wayplease.com/index.php(40): require('/Applications/M...')
#16 {main}
2012-05-15 23:55:45 Error: [MissingPluginException] Plugin Facebook could not be found.
#0 /Applications/MAMP/htdocs/wayplease.com/lib/Cake/Core/App.php(364): CakePlugin::path('Facebook')
#1 /Applications/MAMP/htdocs/wayplease.com/lib/Cake/Core/App.php(225): App::pluginPath('Facebook')
#2 /Applications/MAMP/htdocs/wayplease.com/lib/Cake/Core/App.php(542): App::path('View/Helper', 'Facebook')
#3 [internal function]: App::load('FacebookHelper')
#4 [internal function]: spl_autoload_call('FacebookHelper')
#5 /Applications/MAMP/htdocs/wayplease.com/lib/Cake/View/HelperCollection.php(82): class_exists('FacebookHelper')
#6 /Applications/MAMP/htdocs/wayplease.com/lib/Cake/View/View.php(850): HelperCollection->load('Facebook.Facebo...', Array)
#7 /Applications/MAMP/htdocs/wayplease.com/lib/Cake/View/View.php(456): View->loadHelpers()
#8 /Applications/MAMP/htdocs/wayplease.com/lib/Cake/Controller/Controller.php(959): View->render('home', NULL)
#9 /Applications/MAMP/htdocs/wayplease.com/app/Controller/PagesController.php(80): Controller->render('home')
#10 [internal function]: PagesController->display('home')
#11 /Applications/MAMP/htdocs/wayplease.com/lib/Cake/Controller/Controller.php(485): ReflectionMethod->invokeArgs(Object(PagesController), Array)
#12 /Applications/MAMP/htdocs/wayplease.com/lib/Cake/Routing/Dispatcher.php(103): Controller->invokeAction(Object(CakeRequest))
#13 /Applications/MAMP/htdocs/wayplease.com/lib/Cake/Routing/Dispatcher.php(85): Dispatcher->_invoke(Object(PagesController), Object(CakeRequest), Object(CakeResponse))
#14 /Applications/MAMP/htdocs/wayplease.com/app/webroot/index.php(92): Dispatcher->dispatch(Object(CakeRequest), Object(CakeResponse))
#15 /Applications/MAMP/htdocs/wayplease.com/index.php(40): require('/Applications/M...')
#16 {main}
2012-05-15 23:57:20 Error: [MissingPluginException] Plugin Facebook could not be found.
#0 /Applications/MAMP/htdocs/wayplease.com/lib/Cake/Core/App.php(364): CakePlugin::path('Facebook')
#1 /Applications/MAMP/htdocs/wayplease.com/lib/Cake/Core/App.php(225): App::pluginPath('Facebook')
#2 /Applications/MAMP/htdocs/wayplease.com/lib/Cake/Core/App.php(542): App::path('Controller/Comp...', 'Facebook')
#3 [internal function]: App::load('FacebookCompone...')
#4 [internal function]: spl_autoload_call('FacebookCompone...')
#5 /Applications/MAMP/htdocs/wayplease.com/lib/Cake/Controller/ComponentCollection.php(99): class_exists('FacebookCompone...')
#6 /Applications/MAMP/htdocs/wayplease.com/lib/Cake/Controller/ComponentCollection.php(52): ComponentCollection->load('Facebook.Facebo...', Array)
#7 /Applications/MAMP/htdocs/wayplease.com/lib/Cake/Controller/Controller.php(635): ComponentCollection->init(Object(PagesController))
#8 /Applications/MAMP/htdocs/wayplease.com/lib/Cake/Routing/Dispatcher.php(99): Controller->constructClasses()
#9 /Applications/MAMP/htdocs/wayplease.com/lib/Cake/Routing/Dispatcher.php(85): Dispatcher->_invoke(Object(PagesController), Object(CakeRequest), Object(CakeResponse))
#10 /Applications/MAMP/htdocs/wayplease.com/app/webroot/index.php(92): Dispatcher->dispatch(Object(CakeRequest), Object(CakeResponse))
#11 /Applications/MAMP/htdocs/wayplease.com/index.php(40): require('/Applications/M...')
#12 {main}
2012-05-15 23:58:50 Error: [MissingHelperException] Helper class FacebookHelper could not be found.
#0 /Applications/MAMP/htdocs/wayplease.com/lib/Cake/View/View.php(850): HelperCollection->load('Facebook.Facebo...', Array)
#1 /Applications/MAMP/htdocs/wayplease.com/lib/Cake/View/View.php(456): View->loadHelpers()
#2 /Applications/MAMP/htdocs/wayplease.com/lib/Cake/Controller/Controller.php(959): View->render('home', NULL)
#3 /Applications/MAMP/htdocs/wayplease.com/app/Controller/PagesController.php(82): Controller->render('home')
#4 [internal function]: PagesController->display('home')
#5 /Applications/MAMP/htdocs/wayplease.com/lib/Cake/Controller/Controller.php(485): ReflectionMethod->invokeArgs(Object(PagesController), Array)
#6 /Applications/MAMP/htdocs/wayplease.com/lib/Cake/Routing/Dispatcher.php(103): Controller->invokeAction(Object(CakeRequest))
#7 /Applications/MAMP/htdocs/wayplease.com/lib/Cake/Routing/Dispatcher.php(85): Dispatcher->_invoke(Object(PagesController), Object(CakeRequest), Object(CakeResponse))
#8 /Applications/MAMP/htdocs/wayplease.com/app/webroot/index.php(92): Dispatcher->dispatch(Object(CakeRequest), Object(CakeResponse))
#9 /Applications/MAMP/htdocs/wayplease.com/index.php(40): require('/Applications/M...')
#10 {main}
2012-05-15 23:58:52 Error: [MissingHelperException] Helper class FacebookHelper could not be found.
#0 /Applications/MAMP/htdocs/wayplease.com/lib/Cake/View/View.php(850): HelperCollection->load('Facebook.Facebo...', Array)
#1 /Applications/MAMP/htdocs/wayplease.com/lib/Cake/View/View.php(456): View->loadHelpers()
#2 /Applications/MAMP/htdocs/wayplease.com/lib/Cake/Controller/Controller.php(959): View->render('home', NULL)
#3 /Applications/MAMP/htdocs/wayplease.com/app/Controller/PagesController.php(82): Controller->render('home')
#4 [internal function]: PagesController->display('home')
#5 /Applications/MAMP/htdocs/wayplease.com/lib/Cake/Controller/Controller.php(485): ReflectionMethod->invokeArgs(Object(PagesController), Array)
#6 /Applications/MAMP/htdocs/wayplease.com/lib/Cake/Routing/Dispatcher.php(103): Controller->invokeAction(Object(CakeRequest))
#7 /Applications/MAMP/htdocs/wayplease.com/lib/Cake/Routing/Dispatcher.php(85): Dispatcher->_invoke(Object(PagesController), Object(CakeRequest), Object(CakeResponse))
#8 /Applications/MAMP/htdocs/wayplease.com/app/webroot/index.php(92): Dispatcher->dispatch(Object(CakeRequest), Object(CakeResponse))
#9 /Applications/MAMP/htdocs/wayplease.com/index.php(40): require('/Applications/M...')
#10 {main}
2012-05-15 23:59:49 Error: [MissingHelperException] Helper class FacebookHelper could not be found.
#0 /Applications/MAMP/htdocs/wayplease.com/lib/Cake/View/View.php(850): HelperCollection->load('Facebook.Facebo...', Array)
#1 /Applications/MAMP/htdocs/wayplease.com/lib/Cake/View/View.php(456): View->loadHelpers()
#2 /Applications/MAMP/htdocs/wayplease.com/lib/Cake/Controller/Controller.php(959): View->render('home', NULL)
#3 /Applications/MAMP/htdocs/wayplease.com/app/Controller/PagesController.php(80): Controller->render('home')
#4 [internal function]: PagesController->display('home')
#5 /Applications/MAMP/htdocs/wayplease.com/lib/Cake/Controller/Controller.php(485): ReflectionMethod->invokeArgs(Object(PagesController), Array)
#6 /Applications/MAMP/htdocs/wayplease.com/lib/Cake/Routing/Dispatcher.php(103): Controller->invokeAction(Object(CakeRequest))
#7 /Applications/MAMP/htdocs/wayplease.com/lib/Cake/Routing/Dispatcher.php(85): Dispatcher->_invoke(Object(PagesController), Object(CakeRequest), Object(CakeResponse))
#8 /Applications/MAMP/htdocs/wayplease.com/app/webroot/index.php(92): Dispatcher->dispatch(Object(CakeRequest), Object(CakeResponse))
#9 /Applications/MAMP/htdocs/wayplease.com/index.php(40): require('/Applications/M...')
#10 {main}
2012-05-15 23:59:50 Error: [MissingHelperException] Helper class FacebookHelper could not be found.
#0 /Applications/MAMP/htdocs/wayplease.com/lib/Cake/View/View.php(850): HelperCollection->load('Facebook.Facebo...', Array)
#1 /Applications/MAMP/htdocs/wayplease.com/lib/Cake/View/View.php(456): View->loadHelpers()
#2 /Applications/MAMP/htdocs/wayplease.com/lib/Cake/Controller/Controller.php(959): View->render('home', NULL)
#3 /Applications/MAMP/htdocs/wayplease.com/app/Controller/PagesController.php(80): Controller->render('home')
#4 [internal function]: PagesController->display('home')
#5 /Applications/MAMP/htdocs/wayplease.com/lib/Cake/Controller/Controller.php(485): ReflectionMethod->invokeArgs(Object(PagesController), Array)
#6 /Applications/MAMP/htdocs/wayplease.com/lib/Cake/Routing/Dispatcher.php(103): Controller->invokeAction(Object(CakeRequest))
#7 /Applications/MAMP/htdocs/wayplease.com/lib/Cake/Routing/Dispatcher.php(85): Dispatcher->_invoke(Object(PagesController), Object(CakeRequest), Object(CakeResponse))
#8 /Applications/MAMP/htdocs/wayplease.com/app/webroot/index.php(92): Dispatcher->dispatch(Object(CakeRequest), Object(CakeResponse))
#9 /Applications/MAMP/htdocs/wayplease.com/index.php(40): require('/Applications/M...')
#10 {main}
2012-05-16 00:00:00 Error: [MissingHelperException] Helper class FacebookHelper could not be found.
#0 /Applications/MAMP/htdocs/wayplease.com/lib/Cake/View/View.php(850): HelperCollection->load('Facebook.Facebo...', Array)
#1 /Applications/MAMP/htdocs/wayplease.com/lib/Cake/View/View.php(456): View->loadHelpers()
#2 /Applications/MAMP/htdocs/wayplease.com/lib/Cake/Controller/Controller.php(959): View->render('home', NULL)
#3 /Applications/MAMP/htdocs/wayplease.com/app/Controller/PagesController.php(80): Controller->render('home')
#4 [internal function]: PagesController->display('home')
#5 /Applications/MAMP/htdocs/wayplease.com/lib/Cake/Controller/Controller.php(485): ReflectionMethod->invokeArgs(Object(PagesController), Array)
#6 /Applications/MAMP/htdocs/wayplease.com/lib/Cake/Routing/Dispatcher.php(103): Controller->invokeAction(Object(CakeRequest))
#7 /Applications/MAMP/htdocs/wayplease.com/lib/Cake/Routing/Dispatcher.php(85): Dispatcher->_invoke(Object(PagesController), Object(CakeRequest), Object(CakeResponse))
#8 /Applications/MAMP/htdocs/wayplease.com/app/webroot/index.php(92): Dispatcher->dispatch(Object(CakeRequest), Object(CakeResponse))
#9 /Applications/MAMP/htdocs/wayplease.com/index.php(40): require('/Applications/M...')
#10 {main}
2012-05-16 00:08:53 Error: [MissingPluginException] Plugin Facebook could not be found.
#0 /Applications/MAMP/htdocs/wayplease.com/lib/Cake/Core/App.php(364): CakePlugin::path('Facebook')
#1 /Applications/MAMP/htdocs/wayplease.com/lib/Cake/Core/App.php(225): App::pluginPath('Facebook')
#2 /Applications/MAMP/htdocs/wayplease.com/lib/Cake/Core/App.php(542): App::path('Controller/Comp...', 'Facebook')
#3 [internal function]: App::load('ConnectComponen...')
#4 [internal function]: spl_autoload_call('ConnectComponen...')
#5 /Applications/MAMP/htdocs/wayplease.com/lib/Cake/Controller/ComponentCollection.php(99): class_exists('ConnectComponen...')
#6 /Applications/MAMP/htdocs/wayplease.com/lib/Cake/Controller/ComponentCollection.php(52): ComponentCollection->load('Facebook.Connec...', Array)
#7 /Applications/MAMP/htdocs/wayplease.com/lib/Cake/Controller/Controller.php(635): ComponentCollection->init(Object(PagesController))
#8 /Applications/MAMP/htdocs/wayplease.com/lib/Cake/Routing/Dispatcher.php(99): Controller->constructClasses()
#9 /Applications/MAMP/htdocs/wayplease.com/lib/Cake/Routing/Dispatcher.php(85): Dispatcher->_invoke(Object(PagesController), Object(CakeRequest), Object(CakeResponse))
#10 /Applications/MAMP/htdocs/wayplease.com/app/webroot/index.php(92): Dispatcher->dispatch(Object(CakeRequest), Object(CakeResponse))
#11 /Applications/MAMP/htdocs/wayplease.com/index.php(40): require('/Applications/M...')
#12 {main}
2012-05-16 00:12:09 Error: [MissingPluginException] Plugin Facebook could not be found.
#0 /Applications/MAMP/htdocs/wayplease.com/lib/Cake/Core/App.php(364): CakePlugin::path('Facebook')
#1 /Applications/MAMP/htdocs/wayplease.com/lib/Cake/Core/App.php(225): App::pluginPath('Facebook')
#2 /Applications/MAMP/htdocs/wayplease.com/lib/Cake/Core/App.php(542): App::path('Controller/Comp...', 'Facebook')
#3 [internal function]: App::load('ConnectComponen...')
#4 [internal function]: spl_autoload_call('ConnectComponen...')
#5 /Applications/MAMP/htdocs/wayplease.com/lib/Cake/Controller/ComponentCollection.php(99): class_exists('ConnectComponen...')
#6 /Applications/MAMP/htdocs/wayplease.com/lib/Cake/Controller/ComponentCollection.php(52): ComponentCollection->load('Facebook.Connec...', Array)
#7 /Applications/MAMP/htdocs/wayplease.com/lib/Cake/Controller/Controller.php(635): ComponentCollection->init(Object(PagesController))
#8 /Applications/MAMP/htdocs/wayplease.com/lib/Cake/Routing/Dispatcher.php(99): Controller->constructClasses()
#9 /Applications/MAMP/htdocs/wayplease.com/lib/Cake/Routing/Dispatcher.php(85): Dispatcher->_invoke(Object(PagesController), Object(CakeRequest), Object(CakeResponse))
#10 /Applications/MAMP/htdocs/wayplease.com/app/webroot/index.php(92): Dispatcher->dispatch(Object(CakeRequest), Object(CakeResponse))
#11 /Applications/MAMP/htdocs/wayplease.com/index.php(40): require('/Applications/M...')
#12 {main}
2012-05-16 00:14:09 Error: [MissingPluginException] Plugin Facebook could not be found.
#0 /Applications/MAMP/htdocs/wayplease.com/lib/Cake/Core/App.php(364): CakePlugin::path('Facebook')
#1 /Applications/MAMP/htdocs/wayplease.com/lib/Cake/Core/App.php(225): App::pluginPath('Facebook')
#2 /Applications/MAMP/htdocs/wayplease.com/lib/Cake/Core/App.php(542): App::path('Controller/Comp...', 'Facebook')
#3 [internal function]: App::load('ConnectComponen...')
#4 [internal function]: spl_autoload_call('ConnectComponen...')
#5 /Applications/MAMP/htdocs/wayplease.com/lib/Cake/Controller/ComponentCollection.php(99): class_exists('ConnectComponen...')
#6 /Applications/MAMP/htdocs/wayplease.com/lib/Cake/Controller/ComponentCollection.php(52): ComponentCollection->load('Facebook.Connec...', Array)
#7 /Applications/MAMP/htdocs/wayplease.com/lib/Cake/Controller/Controller.php(635): ComponentCollection->init(Object(PagesController))
#8 /Applications/MAMP/htdocs/wayplease.com/lib/Cake/Routing/Dispatcher.php(99): Controller->constructClasses()
#9 /Applications/MAMP/htdocs/wayplease.com/lib/Cake/Routing/Dispatcher.php(85): Dispatcher->_invoke(Object(PagesController), Object(CakeRequest), Object(CakeResponse))
#10 /Applications/MAMP/htdocs/wayplease.com/app/webroot/index.php(92): Dispatcher->dispatch(Object(CakeRequest), Object(CakeResponse))
#11 /Applications/MAMP/htdocs/wayplease.com/index.php(40): require('/Applications/M...')
#12 {main}
2012-05-16 00:14:22 Error: [MissingPluginException] Plugin Facebook could not be found.
#0 /Applications/MAMP/htdocs/wayplease.com/lib/Cake/Core/App.php(364): CakePlugin::path('Facebook')
#1 /Applications/MAMP/htdocs/wayplease.com/lib/Cake/Core/App.php(225): App::pluginPath('Facebook')
#2 /Applications/MAMP/htdocs/wayplease.com/lib/Cake/Core/App.php(542): App::path('View/Helper', 'Facebook')
#3 [internal function]: App::load('FacebookHelper')
#4 [internal function]: spl_autoload_call('FacebookHelper')
#5 /Applications/MAMP/htdocs/wayplease.com/lib/Cake/View/HelperCollection.php(82): class_exists('FacebookHelper')
#6 /Applications/MAMP/htdocs/wayplease.com/lib/Cake/View/View.php(850): HelperCollection->load('Facebook.Facebo...', Array)
#7 /Applications/MAMP/htdocs/wayplease.com/lib/Cake/View/View.php(456): View->loadHelpers()
#8 /Applications/MAMP/htdocs/wayplease.com/lib/Cake/Controller/Controller.php(959): View->render('home', NULL)
#9 /Applications/MAMP/htdocs/wayplease.com/app/Controller/PagesController.php(80): Controller->render('home')
#10 [internal function]: PagesController->display('home')
#11 /Applications/MAMP/htdocs/wayplease.com/lib/Cake/Controller/Controller.php(485): ReflectionMethod->invokeArgs(Object(PagesController), Array)
#12 /Applications/MAMP/htdocs/wayplease.com/lib/Cake/Routing/Dispatcher.php(103): Controller->invokeAction(Object(CakeRequest))
#13 /Applications/MAMP/htdocs/wayplease.com/lib/Cake/Routing/Dispatcher.php(85): Dispatcher->_invoke(Object(PagesController), Object(CakeRequest), Object(CakeResponse))
#14 /Applications/MAMP/htdocs/wayplease.com/app/webroot/index.php(92): Dispatcher->dispatch(Object(CakeRequest), Object(CakeResponse))
#15 /Applications/MAMP/htdocs/wayplease.com/index.php(40): require('/Applications/M...')
#16 {main}
2012-05-16 00:14:26 Error: [MissingPluginException] Plugin Facebook could not be found.
#0 /Applications/MAMP/htdocs/wayplease.com/lib/Cake/Core/App.php(364): CakePlugin::path('Facebook')
#1 /Applications/MAMP/htdocs/wayplease.com/lib/Cake/Core/App.php(225): App::pluginPath('Facebook')
#2 /Applications/MAMP/htdocs/wayplease.com/lib/Cake/Core/App.php(542): App::path('Controller/Comp...', 'Facebook')
#3 [internal function]: App::load('ConnectComponen...')
#4 [internal function]: spl_autoload_call('ConnectComponen...')
#5 /Applications/MAMP/htdocs/wayplease.com/lib/Cake/Controller/ComponentCollection.php(99): class_exists('ConnectComponen...')
#6 /Applications/MAMP/htdocs/wayplease.com/lib/Cake/Controller/ComponentCollection.php(52): ComponentCollection->load('Facebook.Connec...', Array)
#7 /Applications/MAMP/htdocs/wayplease.com/lib/Cake/Controller/Controller.php(635): ComponentCollection->init(Object(PagesController))
#8 /Applications/MAMP/htdocs/wayplease.com/lib/Cake/Routing/Dispatcher.php(99): Controller->constructClasses()
#9 /Applications/MAMP/htdocs/wayplease.com/lib/Cake/Routing/Dispatcher.php(85): Dispatcher->_invoke(Object(PagesController), Object(CakeRequest), Object(CakeResponse))
#10 /Applications/MAMP/htdocs/wayplease.com/app/webroot/index.php(92): Dispatcher->dispatch(Object(CakeRequest), Object(CakeResponse))
#11 /Applications/MAMP/htdocs/wayplease.com/index.php(40): require('/Applications/M...')
#12 {main}
2012-05-16 00:18:15 Error: [MissingHelperException] Helper class FacebookHelper could not be found.
#0 /Applications/MAMP/htdocs/wayplease.com/lib/Cake/View/View.php(850): HelperCollection->load('Facebook.Facebo...', Array)
#1 /Applications/MAMP/htdocs/wayplease.com/lib/Cake/View/View.php(456): View->loadHelpers()
#2 /Applications/MAMP/htdocs/wayplease.com/lib/Cake/Controller/Controller.php(959): View->render('home', NULL)
#3 /Applications/MAMP/htdocs/wayplease.com/app/Controller/PagesController.php(80): Controller->render('home')
#4 [internal function]: PagesController->display('home')
#5 /Applications/MAMP/htdocs/wayplease.com/lib/Cake/Controller/Controller.php(485): ReflectionMethod->invokeArgs(Object(PagesController), Array)
#6 /Applications/MAMP/htdocs/wayplease.com/lib/Cake/Routing/Dispatcher.php(103): Controller->invokeAction(Object(CakeRequest))
#7 /Applications/MAMP/htdocs/wayplease.com/lib/Cake/Routing/Dispatcher.php(85): Dispatcher->_invoke(Object(PagesController), Object(CakeRequest), Object(CakeResponse))
#8 /Applications/MAMP/htdocs/wayplease.com/app/webroot/index.php(92): Dispatcher->dispatch(Object(CakeRequest), Object(CakeResponse))
#9 /Applications/MAMP/htdocs/wayplease.com/index.php(40): require('/Applications/M...')
#10 {main}
2012-05-16 00:18:28 Error: [MissingHelperException] Helper class FacebookHelper could not be found.
#0 /Applications/MAMP/htdocs/wayplease.com/lib/Cake/View/View.php(850): HelperCollection->load('Facebook.Facebo...', Array)
#1 /Applications/MAMP/htdocs/wayplease.com/lib/Cake/View/View.php(456): View->loadHelpers()
#2 /Applications/MAMP/htdocs/wayplease.com/lib/Cake/Controller/Controller.php(959): View->render('home', NULL)
#3 /Applications/MAMP/htdocs/wayplease.com/app/Controller/PagesController.php(80): Controller->render('home')
#4 [internal function]: PagesController->display('home')
#5 /Applications/MAMP/htdocs/wayplease.com/lib/Cake/Controller/Controller.php(485): ReflectionMethod->invokeArgs(Object(PagesController), Array)
#6 /Applications/MAMP/htdocs/wayplease.com/lib/Cake/Routing/Dispatcher.php(103): Controller->invokeAction(Object(CakeRequest))
#7 /Applications/MAMP/htdocs/wayplease.com/lib/Cake/Routing/Dispatcher.php(85): Dispatcher->_invoke(Object(PagesController), Object(CakeRequest), Object(CakeResponse))
#8 /Applications/MAMP/htdocs/wayplease.com/app/webroot/index.php(92): Dispatcher->dispatch(Object(CakeRequest), Object(CakeResponse))
#9 /Applications/MAMP/htdocs/wayplease.com/index.php(40): require('/Applications/M...')
#10 {main}
2012-05-16 00:18:53 Error: [MissingHelperException] Helper class FacebookHelper could not be found.
#0 /Applications/MAMP/htdocs/wayplease.com/lib/Cake/View/View.php(850): HelperCollection->load('Facebook', Array)
#1 /Applications/MAMP/htdocs/wayplease.com/lib/Cake/View/View.php(456): View->loadHelpers()
#2 /Applications/MAMP/htdocs/wayplease.com/lib/Cake/Controller/Controller.php(959): View->render('home', NULL)
#3 /Applications/MAMP/htdocs/wayplease.com/app/Controller/PagesController.php(80): Controller->render('home')
#4 [internal function]: PagesController->display('home')
#5 /Applications/MAMP/htdocs/wayplease.com/lib/Cake/Controller/Controller.php(485): ReflectionMethod->invokeArgs(Object(PagesController), Array)
#6 /Applications/MAMP/htdocs/wayplease.com/lib/Cake/Routing/Dispatcher.php(103): Controller->invokeAction(Object(CakeRequest))
#7 /Applications/MAMP/htdocs/wayplease.com/lib/Cake/Routing/Dispatcher.php(85): Dispatcher->_invoke(Object(PagesController), Object(CakeRequest), Object(CakeResponse))
#8 /Applications/MAMP/htdocs/wayplease.com/app/webroot/index.php(92): Dispatcher->dispatch(Object(CakeRequest), Object(CakeResponse))
#9 /Applications/MAMP/htdocs/wayplease.com/index.php(40): require('/Applications/M...')
#10 {main}
2012-05-16 00:23:40 Error: [MissingHelperException] Helper class FacebookHelper could not be found.
#0 /Applications/MAMP/htdocs/wayplease.com/lib/Cake/View/View.php(850): HelperCollection->load('Facebook', Array)
#1 /Applications/MAMP/htdocs/wayplease.com/lib/Cake/View/View.php(456): View->loadHelpers()
#2 /Applications/MAMP/htdocs/wayplease.com/lib/Cake/Controller/Controller.php(959): View->render('home', NULL)
#3 /Applications/MAMP/htdocs/wayplease.com/app/Controller/PagesController.php(80): Controller->render('home')
#4 [internal function]: PagesController->display('home')
#5 /Applications/MAMP/htdocs/wayplease.com/lib/Cake/Controller/Controller.php(485): ReflectionMethod->invokeArgs(Object(PagesController), Array)
#6 /Applications/MAMP/htdocs/wayplease.com/lib/Cake/Routing/Dispatcher.php(103): Controller->invokeAction(Object(CakeRequest))
#7 /Applications/MAMP/htdocs/wayplease.com/lib/Cake/Routing/Dispatcher.php(85): Dispatcher->_invoke(Object(PagesController), Object(CakeRequest), Object(CakeResponse))
#8 /Applications/MAMP/htdocs/wayplease.com/app/webroot/index.php(92): Dispatcher->dispatch(Object(CakeRequest), Object(CakeResponse))
#9 /Applications/MAMP/htdocs/wayplease.com/index.php(40): require('/Applications/M...')
#10 {main}
2012-05-16 00:23:49 Error: [MissingHelperException] Helper class FacebookHelper could not be found.
#0 /Applications/MAMP/htdocs/wayplease.com/lib/Cake/View/View.php(850): HelperCollection->load('Facebook.Facebo...', Array)
#1 /Applications/MAMP/htdocs/wayplease.com/lib/Cake/View/View.php(456): View->loadHelpers()
#2 /Applications/MAMP/htdocs/wayplease.com/lib/Cake/Controller/Controller.php(959): View->render('home', NULL)
#3 /Applications/MAMP/htdocs/wayplease.com/app/Controller/PagesController.php(80): Controller->render('home')
#4 [internal function]: PagesController->display('home')
#5 /Applications/MAMP/htdocs/wayplease.com/lib/Cake/Controller/Controller.php(485): ReflectionMethod->invokeArgs(Object(PagesController), Array)
#6 /Applications/MAMP/htdocs/wayplease.com/lib/Cake/Routing/Dispatcher.php(103): Controller->invokeAction(Object(CakeRequest))
#7 /Applications/MAMP/htdocs/wayplease.com/lib/Cake/Routing/Dispatcher.php(85): Dispatcher->_invoke(Object(PagesController), Object(CakeRequest), Object(CakeResponse))
#8 /Applications/MAMP/htdocs/wayplease.com/app/webroot/index.php(92): Dispatcher->dispatch(Object(CakeRequest), Object(CakeResponse))
#9 /Applications/MAMP/htdocs/wayplease.com/index.php(40): require('/Applications/M...')
#10 {main}
2012-05-16 00:36:50 Error: [MissingPluginException] Plugin Facebook could not be found.
#0 /Applications/MAMP/htdocs/wayplease.com/lib/Cake/Core/App.php(364): CakePlugin::path('Facebook')
#1 /Applications/MAMP/htdocs/wayplease.com/lib/Cake/Core/App.php(225): App::pluginPath('Facebook')
#2 /Applications/MAMP/htdocs/wayplease.com/lib/Cake/Core/App.php(542): App::path('Controller/Comp...', 'Facebook')
#3 [internal function]: App::load('ConnectComponen...')
#4 [internal function]: spl_autoload_call('ConnectComponen...')
#5 /Applications/MAMP/htdocs/wayplease.com/lib/Cake/Controller/ComponentCollection.php(99): class_exists('ConnectComponen...')
#6 /Applications/MAMP/htdocs/wayplease.com/lib/Cake/Controller/ComponentCollection.php(52): ComponentCollection->load('Facebook.Connec...', Array)
#7 /Applications/MAMP/htdocs/wayplease.com/lib/Cake/Controller/Controller.php(635): ComponentCollection->init(Object(PagesController))
#8 /Applications/MAMP/htdocs/wayplease.com/lib/Cake/Routing/Dispatcher.php(99): Controller->constructClasses()
#9 /Applications/MAMP/htdocs/wayplease.com/lib/Cake/Routing/Dispatcher.php(85): Dispatcher->_invoke(Object(PagesController), Object(CakeRequest), Object(CakeResponse))
#10 /Applications/MAMP/htdocs/wayplease.com/app/webroot/index.php(92): Dispatcher->dispatch(Object(CakeRequest), Object(CakeResponse))
#11 /Applications/MAMP/htdocs/wayplease.com/index.php(40): require('/Applications/M...')
#12 {main}
2012-05-16 09:47:48 Error: [MissingPluginException] Plugin SignMeUp could not be found.
#0 /Applications/MAMP/htdocs/wayplease.com/lib/Cake/Core/App.php(364): CakePlugin::path('SignMeUp')
#1 /Applications/MAMP/htdocs/wayplease.com/lib/Cake/Core/App.php(225): App::pluginPath('SignMeUp')
#2 /Applications/MAMP/htdocs/wayplease.com/lib/Cake/Core/App.php(542): App::path('Controller/Comp...', 'SignMeUp')
#3 [internal function]: App::load('SignMeUpCompone...')
#4 [internal function]: spl_autoload_call('SignMeUpCompone...')
#5 /Applications/MAMP/htdocs/wayplease.com/lib/Cake/Controller/ComponentCollection.php(99): class_exists('SignMeUpCompone...')
#6 /Applications/MAMP/htdocs/wayplease.com/lib/Cake/Controller/ComponentCollection.php(52): ComponentCollection->load('SignMeUp.SignMe...', Array)
#7 /Applications/MAMP/htdocs/wayplease.com/lib/Cake/Controller/Controller.php(635): ComponentCollection->init(Object(PagesController))
#8 /Applications/MAMP/htdocs/wayplease.com/lib/Cake/Routing/Dispatcher.php(99): Controller->constructClasses()
#9 /Applications/MAMP/htdocs/wayplease.com/lib/Cake/Routing/Dispatcher.php(85): Dispatcher->_invoke(Object(PagesController), Object(CakeRequest), Object(CakeResponse))
#10 /Applications/MAMP/htdocs/wayplease.com/app/webroot/index.php(92): Dispatcher->dispatch(Object(CakeRequest), Object(CakeResponse))
#11 /Applications/MAMP/htdocs/wayplease.com/index.php(40): require('/Applications/M...')
#12 {main}
2012-05-16 09:48:15 Error: [MissingPluginException] Plugin SignMeUp could not be found.
#0 /Applications/MAMP/htdocs/wayplease.com/lib/Cake/Core/App.php(364): CakePlugin::path('SignMeUp')
#1 /Applications/MAMP/htdocs/wayplease.com/lib/Cake/Core/App.php(225): App::pluginPath('SignMeUp')
#2 /Applications/MAMP/htdocs/wayplease.com/lib/Cake/Core/App.php(542): App::path('Controller/Comp...', 'SignMeUp')
#3 [internal function]: App::load('SignMeUpCompone...')
#4 [internal function]: spl_autoload_call('SignMeUpCompone...')
#5 /Applications/MAMP/htdocs/wayplease.com/lib/Cake/Controller/ComponentCollection.php(99): class_exists('SignMeUpCompone...')
#6 /Applications/MAMP/htdocs/wayplease.com/lib/Cake/Controller/ComponentCollection.php(52): ComponentCollection->load('SignMeUp.SignMe...', Array)
#7 /Applications/MAMP/htdocs/wayplease.com/lib/Cake/Controller/Controller.php(635): ComponentCollection->init(Object(PagesController))
#8 /Applications/MAMP/htdocs/wayplease.com/lib/Cake/Routing/Dispatcher.php(99): Controller->constructClasses()
#9 /Applications/MAMP/htdocs/wayplease.com/lib/Cake/Routing/Dispatcher.php(85): Dispatcher->_invoke(Object(PagesController), Object(CakeRequest), Object(CakeResponse))
#10 /Applications/MAMP/htdocs/wayplease.com/app/webroot/index.php(92): Dispatcher->dispatch(Object(CakeRequest), Object(CakeResponse))
#11 /Applications/MAMP/htdocs/wayplease.com/index.php(40): require('/Applications/M...')
#12 {main}
2012-05-16 09:48:17 Error: [MissingPluginException] Plugin SignMeUp could not be found.
#0 /Applications/MAMP/htdocs/wayplease.com/lib/Cake/Core/App.php(364): CakePlugin::path('SignMeUp')
#1 /Applications/MAMP/htdocs/wayplease.com/lib/Cake/Core/App.php(225): App::pluginPath('SignMeUp')
#2 /Applications/MAMP/htdocs/wayplease.com/lib/Cake/Core/App.php(542): App::path('Controller/Comp...', 'SignMeUp')
#3 [internal function]: App::load('SignMeUpCompone...')
#4 [internal function]: spl_autoload_call('SignMeUpCompone...')
#5 /Applications/MAMP/htdocs/wayplease.com/lib/Cake/Controller/ComponentCollection.php(99): class_exists('SignMeUpCompone...')
#6 /Applications/MAMP/htdocs/wayplease.com/lib/Cake/Controller/ComponentCollection.php(52): ComponentCollection->load('SignMeUp.SignMe...', Array)
#7 /Applications/MAMP/htdocs/wayplease.com/lib/Cake/Controller/Controller.php(635): ComponentCollection->init(Object(PagesController))
#8 /Applications/MAMP/htdocs/wayplease.com/lib/Cake/Routing/Dispatcher.php(99): Controller->constructClasses()
#9 /Applications/MAMP/htdocs/wayplease.com/lib/Cake/Routing/Dispatcher.php(85): Dispatcher->_invoke(Object(PagesController), Object(CakeRequest), Object(CakeResponse))
#10 /Applications/MAMP/htdocs/wayplease.com/app/webroot/index.php(92): Dispatcher->dispatch(Object(CakeRequest), Object(CakeResponse))
#11 /Applications/MAMP/htdocs/wayplease.com/index.php(40): require('/Applications/M...')
#12 {main}
2012-05-16 09:48:20 Error: [MissingPluginException] Plugin SignMeUp could not be found.
#0 /Applications/MAMP/htdocs/wayplease.com/lib/Cake/Core/App.php(364): CakePlugin::path('SignMeUp')
#1 /Applications/MAMP/htdocs/wayplease.com/lib/Cake/Core/App.php(225): App::pluginPath('SignMeUp')
#2 /Applications/MAMP/htdocs/wayplease.com/lib/Cake/Core/App.php(542): App::path('Controller/Comp...', 'SignMeUp')
#3 [internal function]: App::load('SignMeUpCompone...')
#4 [internal function]: spl_autoload_call('SignMeUpCompone...')
#5 /Applications/MAMP/htdocs/wayplease.com/lib/Cake/Controller/ComponentCollection.php(99): class_exists('SignMeUpCompone...')
#6 /Applications/MAMP/htdocs/wayplease.com/lib/Cake/Controller/ComponentCollection.php(52): ComponentCollection->load('SignMeUp.SignMe...', Array)
#7 /Applications/MAMP/htdocs/wayplease.com/lib/Cake/Controller/Controller.php(635): ComponentCollection->init(Object(PagesController))
#8 /Applications/MAMP/htdocs/wayplease.com/lib/Cake/Routing/Dispatcher.php(99): Controller->constructClasses()
#9 /Applications/MAMP/htdocs/wayplease.com/lib/Cake/Routing/Dispatcher.php(85): Dispatcher->_invoke(Object(PagesController), Object(CakeRequest), Object(CakeResponse))
#10 /Applications/MAMP/htdocs/wayplease.com/app/webroot/index.php(92): Dispatcher->dispatch(Object(CakeRequest), Object(CakeResponse))
#11 /Applications/MAMP/htdocs/wayplease.com/index.php(40): require('/Applications/M...')
#12 {main}
2012-05-16 09:48:25 Error: [MissingPluginException] Plugin SignMeUp could not be found.
#0 /Applications/MAMP/htdocs/wayplease.com/lib/Cake/Core/App.php(364): CakePlugin::path('SignMeUp')
#1 /Applications/MAMP/htdocs/wayplease.com/lib/Cake/Core/App.php(225): App::pluginPath('SignMeUp')
#2 /Applications/MAMP/htdocs/wayplease.com/lib/Cake/Core/App.php(542): App::path('Controller/Comp...', 'SignMeUp')
#3 [internal function]: App::load('SignMeUpCompone...')
#4 [internal function]: spl_autoload_call('SignMeUpCompone...')
#5 /Applications/MAMP/htdocs/wayplease.com/lib/Cake/Controller/ComponentCollection.php(99): class_exists('SignMeUpCompone...')
#6 /Applications/MAMP/htdocs/wayplease.com/lib/Cake/Controller/ComponentCollection.php(52): ComponentCollection->load('SignMeUp.SignMe...', Array)
#7 /Applications/MAMP/htdocs/wayplease.com/lib/Cake/Controller/Controller.php(635): ComponentCollection->init(Object(PagesController))
#8 /Applications/MAMP/htdocs/wayplease.com/lib/Cake/Routing/Dispatcher.php(99): Controller->constructClasses()
#9 /Applications/MAMP/htdocs/wayplease.com/lib/Cake/Routing/Dispatcher.php(85): Dispatcher->_invoke(Object(PagesController), Object(CakeRequest), Object(CakeResponse))
#10 /Applications/MAMP/htdocs/wayplease.com/app/webroot/index.php(92): Dispatcher->dispatch(Object(CakeRequest), Object(CakeResponse))
#11 /Applications/MAMP/htdocs/wayplease.com/index.php(40): require('/Applications/M...')
#12 {main}
2012-05-16 09:57:10 Error: [ConfigureException] Could not load configuration files: /Applications/MAMP/htdocs/wayplease.com/app/Config/sign_me_up.php or /Applications/MAMP/htdocs/wayplease.com/app/Config/sign_me_up
#0 /Applications/MAMP/htdocs/wayplease.com/lib/Cake/Core/Configure.php(283): PhpReader->read('sign_me_up')
#1 /Applications/MAMP/htdocs/wayplease.com/app/Plugin/sign_me_up/Controller/Component/SignMeUpComponent.php(47): Configure::load('sign_me_up', 'default', false)
#2 /Applications/MAMP/htdocs/wayplease.com/app/Plugin/sign_me_up/Controller/Component/SignMeUpComponent.php(37): SignMeUpComponent->__loadConfig()
#3 [internal function]: SignMeUpComponent->initialize(Object(PagesController))
#4 /Applications/MAMP/htdocs/wayplease.com/lib/Cake/Utility/ObjectCollection.php(130): call_user_func_array(Array, Array)
#5 [internal function]: ObjectCollection->trigger(Object(CakeEvent))
#6 /Applications/MAMP/htdocs/wayplease.com/lib/Cake/Event/CakeEventManager.php(246): call_user_func(Array, Object(CakeEvent))
#7 /Applications/MAMP/htdocs/wayplease.com/lib/Cake/Controller/Controller.php(670): CakeEventManager->dispatch(Object(CakeEvent))
#8 /Applications/MAMP/htdocs/wayplease.com/lib/Cake/Routing/Dispatcher.php(100): Controller->startupProcess()
#9 /Applications/MAMP/htdocs/wayplease.com/lib/Cake/Routing/Dispatcher.php(85): Dispatcher->_invoke(Object(PagesController), Object(CakeRequest), Object(CakeResponse))
#10 /Applications/MAMP/htdocs/wayplease.com/app/webroot/index.php(92): Dispatcher->dispatch(Object(CakeRequest), Object(CakeResponse))
#11 /Applications/MAMP/htdocs/wayplease.com/index.php(40): require('/Applications/M...')
#12 {main}
2012-05-16 09:57:16 Error: [MissingComponentException] Component class SignMeUpComponent could not be found.
#0 /Applications/MAMP/htdocs/wayplease.com/lib/Cake/Controller/ComponentCollection.php(52): ComponentCollection->load('SignMeUp.SignMe...', Array)
#1 /Applications/MAMP/htdocs/wayplease.com/lib/Cake/Controller/Controller.php(635): ComponentCollection->init(Object(PagesController))
#2 /Applications/MAMP/htdocs/wayplease.com/lib/Cake/Routing/Dispatcher.php(99): Controller->constructClasses()
#3 /Applications/MAMP/htdocs/wayplease.com/lib/Cake/Routing/Dispatcher.php(85): Dispatcher->_invoke(Object(PagesController), Object(CakeRequest), Object(CakeResponse))
#4 /Applications/MAMP/htdocs/wayplease.com/app/webroot/index.php(92): Dispatcher->dispatch(Object(CakeRequest), Object(CakeResponse))
#5 /Applications/MAMP/htdocs/wayplease.com/index.php(40): require('/Applications/M...')
#6 {main}
2012-05-16 09:57:36 Error: [ConfigureException] Could not load configuration files: /Applications/MAMP/htdocs/wayplease.com/app/Config/sign_me_up.php or /Applications/MAMP/htdocs/wayplease.com/app/Config/sign_me_up
#0 /Applications/MAMP/htdocs/wayplease.com/lib/Cake/Core/Configure.php(283): PhpReader->read('sign_me_up')
#1 /Applications/MAMP/htdocs/wayplease.com/plugins/sign_me_up/Controller/Component/SignMeUpComponent.php(47): Configure::load('sign_me_up', 'default', false)
#2 /Applications/MAMP/htdocs/wayplease.com/plugins/sign_me_up/Controller/Component/SignMeUpComponent.php(37): SignMeUpComponent->__loadConfig()
#3 [internal function]: SignMeUpComponent->initialize(Object(PagesController))
#4 /Applications/MAMP/htdocs/wayplease.com/lib/Cake/Utility/ObjectCollection.php(130): call_user_func_array(Array, Array)
#5 [internal function]: ObjectCollection->trigger(Object(CakeEvent))
#6 /Applications/MAMP/htdocs/wayplease.com/lib/Cake/Event/CakeEventManager.php(246): call_user_func(Array, Object(CakeEvent))
#7 /Applications/MAMP/htdocs/wayplease.com/lib/Cake/Controller/Controller.php(670): CakeEventManager->dispatch(Object(CakeEvent))
#8 /Applications/MAMP/htdocs/wayplease.com/lib/Cake/Routing/Dispatcher.php(100): Controller->startupProcess()
#9 /Applications/MAMP/htdocs/wayplease.com/lib/Cake/Routing/Dispatcher.php(85): Dispatcher->_invoke(Object(PagesController), Object(CakeRequest), Object(CakeResponse))
#10 /Applications/MAMP/htdocs/wayplease.com/app/webroot/index.php(92): Dispatcher->dispatch(Object(CakeRequest), Object(CakeResponse))
#11 /Applications/MAMP/htdocs/wayplease.com/index.php(40): require('/Applications/M...')
#12 {main}
2012-05-16 09:57:37 Error: [ConfigureException] Could not load configuration files: /Applications/MAMP/htdocs/wayplease.com/app/Config/sign_me_up.php or /Applications/MAMP/htdocs/wayplease.com/app/Config/sign_me_up
#0 /Applications/MAMP/htdocs/wayplease.com/lib/Cake/Core/Configure.php(283): PhpReader->read('sign_me_up')
#1 /Applications/MAMP/htdocs/wayplease.com/plugins/sign_me_up/Controller/Component/SignMeUpComponent.php(47): Configure::load('sign_me_up', 'default', false)
#2 /Applications/MAMP/htdocs/wayplease.com/plugins/sign_me_up/Controller/Component/SignMeUpComponent.php(37): SignMeUpComponent->__loadConfig()
#3 [internal function]: SignMeUpComponent->initialize(Object(PagesController))
#4 /Applications/MAMP/htdocs/wayplease.com/lib/Cake/Utility/ObjectCollection.php(130): call_user_func_array(Array, Array)
#5 [internal function]: ObjectCollection->trigger(Object(CakeEvent))
#6 /Applications/MAMP/htdocs/wayplease.com/lib/Cake/Event/CakeEventManager.php(246): call_user_func(Array, Object(CakeEvent))
#7 /Applications/MAMP/htdocs/wayplease.com/lib/Cake/Controller/Controller.php(670): CakeEventManager->dispatch(Object(CakeEvent))
#8 /Applications/MAMP/htdocs/wayplease.com/lib/Cake/Routing/Dispatcher.php(100): Controller->startupProcess()
#9 /Applications/MAMP/htdocs/wayplease.com/lib/Cake/Routing/Dispatcher.php(85): Dispatcher->_invoke(Object(PagesController), Object(CakeRequest), Object(CakeResponse))
#10 /Applications/MAMP/htdocs/wayplease.com/app/webroot/index.php(92): Dispatcher->dispatch(Object(CakeRequest), Object(CakeResponse))
#11 /Applications/MAMP/htdocs/wayplease.com/index.php(40): require('/Applications/M...')
#12 {main}
2012-05-16 09:57:42 Error: [MissingComponentException] Component class SignMeUpComponent could not be found.
#0 /Applications/MAMP/htdocs/wayplease.com/lib/Cake/Controller/ComponentCollection.php(52): ComponentCollection->load('SignMeUp.SignMe...', Array)
#1 /Applications/MAMP/htdocs/wayplease.com/lib/Cake/Controller/Controller.php(635): ComponentCollection->init(Object(PagesController))
#2 /Applications/MAMP/htdocs/wayplease.com/lib/Cake/Routing/Dispatcher.php(99): Controller->constructClasses()
#3 /Applications/MAMP/htdocs/wayplease.com/lib/Cake/Routing/Dispatcher.php(85): Dispatcher->_invoke(Object(PagesController), Object(CakeRequest), Object(CakeResponse))
#4 /Applications/MAMP/htdocs/wayplease.com/app/webroot/index.php(92): Dispatcher->dispatch(Object(CakeRequest), Object(CakeResponse))
#5 /Applications/MAMP/htdocs/wayplease.com/index.php(40): require('/Applications/M...')
#6 {main}
2012-05-16 09:58:09 Error: [ConfigureException] Could not load configuration files: /Applications/MAMP/htdocs/wayplease.com/app/Config/sign_me_up.php or /Applications/MAMP/htdocs/wayplease.com/app/Config/sign_me_up
#0 /Applications/MAMP/htdocs/wayplease.com/lib/Cake/Core/Configure.php(283): PhpReader->read('sign_me_up')
#1 /Applications/MAMP/htdocs/wayplease.com/plugins/sign_me_up/Controller/Component/SignMeUpComponent.php(47): Configure::load('sign_me_up', 'default', false)
#2 /Applications/MAMP/htdocs/wayplease.com/plugins/sign_me_up/Controller/Component/SignMeUpComponent.php(37): SignMeUpComponent->__loadConfig()
#3 [internal function]: SignMeUpComponent->initialize(Object(PagesController))
#4 /Applications/MAMP/htdocs/wayplease.com/lib/Cake/Utility/ObjectCollection.php(130): call_user_func_array(Array, Array)
#5 [internal function]: ObjectCollection->trigger(Object(CakeEvent))
#6 /Applications/MAMP/htdocs/wayplease.com/lib/Cake/Event/CakeEventManager.php(246): call_user_func(Array, Object(CakeEvent))
#7 /Applications/MAMP/htdocs/wayplease.com/lib/Cake/Controller/Controller.php(670): CakeEventManager->dispatch(Object(CakeEvent))
#8 /Applications/MAMP/htdocs/wayplease.com/lib/Cake/Routing/Dispatcher.php(100): Controller->startupProcess()
#9 /Applications/MAMP/htdocs/wayplease.com/lib/Cake/Routing/Dispatcher.php(85): Dispatcher->_invoke(Object(PagesController), Object(CakeRequest), Object(CakeResponse))
#10 /Applications/MAMP/htdocs/wayplease.com/app/webroot/index.php(92): Dispatcher->dispatch(Object(CakeRequest), Object(CakeResponse))
#11 /Applications/MAMP/htdocs/wayplease.com/index.php(40): require('/Applications/M...')
#12 {main}
2012-05-16 09:58:18 Error: [ConfigureException] Could not load configuration files: /Applications/MAMP/htdocs/wayplease.com/app/Config/sign_me_up.php or /Applications/MAMP/htdocs/wayplease.com/app/Config/sign_me_up
#0 /Applications/MAMP/htdocs/wayplease.com/lib/Cake/Core/Configure.php(283): PhpReader->read('sign_me_up')
#1 /Applications/MAMP/htdocs/wayplease.com/plugins/sign_me_up/Controller/Component/SignMeUpComponent.php(47): Configure::load('sign_me_up', 'default', false)
#2 /Applications/MAMP/htdocs/wayplease.com/plugins/sign_me_up/Controller/Component/SignMeUpComponent.php(37): SignMeUpComponent->__loadConfig()
#3 [internal function]: SignMeUpComponent->initialize(Object(PagesController))
#4 /Applications/MAMP/htdocs/wayplease.com/lib/Cake/Utility/ObjectCollection.php(130): call_user_func_array(Array, Array)
#5 [internal function]: ObjectCollection->trigger(Object(CakeEvent))
#6 /Applications/MAMP/htdocs/wayplease.com/lib/Cake/Event/CakeEventManager.php(246): call_user_func(Array, Object(CakeEvent))
#7 /Applications/MAMP/htdocs/wayplease.com/lib/Cake/Controller/Controller.php(670): CakeEventManager->dispatch(Object(CakeEvent))
#8 /Applications/MAMP/htdocs/wayplease.com/lib/Cake/Routing/Dispatcher.php(100): Controller->startupProcess()
#9 /Applications/MAMP/htdocs/wayplease.com/lib/Cake/Routing/Dispatcher.php(85): Dispatcher->_invoke(Object(PagesController), Object(CakeRequest), Object(CakeResponse))
#10 /Applications/MAMP/htdocs/wayplease.com/app/webroot/index.php(92): Dispatcher->dispatch(Object(CakeRequest), Object(CakeResponse))
#11 /Applications/MAMP/htdocs/wayplease.com/index.php(40): require('/Applications/M...')
#12 {main}
2012-05-16 09:58:21 Error: [MissingComponentException] Component class SignMeUpComponent could not be found.
#0 /Applications/MAMP/htdocs/wayplease.com/lib/Cake/Controller/ComponentCollection.php(52): ComponentCollection->load('SignMeUp.SignMe...', Array)
#1 /Applications/MAMP/htdocs/wayplease.com/lib/Cake/Controller/Controller.php(635): ComponentCollection->init(Object(PagesController))
#2 /Applications/MAMP/htdocs/wayplease.com/lib/Cake/Routing/Dispatcher.php(99): Controller->constructClasses()
#3 /Applications/MAMP/htdocs/wayplease.com/lib/Cake/Routing/Dispatcher.php(85): Dispatcher->_invoke(Object(PagesController), Object(CakeRequest), Object(CakeResponse))
#4 /Applications/MAMP/htdocs/wayplease.com/app/webroot/index.php(92): Dispatcher->dispatch(Object(CakeRequest), Object(CakeResponse))
#5 /Applications/MAMP/htdocs/wayplease.com/index.php(40): require('/Applications/M...')
#6 {main}
2012-05-16 12:34:07 Error: [MissingHelperException] Helper class JsHelperHelper could not be found.
#0 /Applications/MAMP/htdocs/wayplease.com/lib/Cake/View/View.php(850): HelperCollection->load('JsHelper', Array)
#1 /Applications/MAMP/htdocs/wayplease.com/lib/Cake/View/View.php(456): View->loadHelpers()
#2 /Applications/MAMP/htdocs/wayplease.com/lib/Cake/Controller/Controller.php(959): View->render('home', NULL)
#3 /Applications/MAMP/htdocs/wayplease.com/app/Controller/PagesController.php(87): Controller->render('home')
#4 [internal function]: PagesController->display('home')
#5 /Applications/MAMP/htdocs/wayplease.com/lib/Cake/Controller/Controller.php(485): ReflectionMethod->invokeArgs(Object(PagesController), Array)
#6 /Applications/MAMP/htdocs/wayplease.com/lib/Cake/Routing/Dispatcher.php(103): Controller->invokeAction(Object(CakeRequest))
#7 /Applications/MAMP/htdocs/wayplease.com/lib/Cake/Routing/Dispatcher.php(85): Dispatcher->_invoke(Object(PagesController), Object(CakeRequest), Object(CakeResponse))
#8 /Applications/MAMP/htdocs/wayplease.com/app/webroot/index.php(92): Dispatcher->dispatch(Object(CakeRequest), Object(CakeResponse))
#9 /Applications/MAMP/htdocs/wayplease.com/index.php(40): require('/Applications/M...')
#10 {main}
